
> temp-next@0.1.0 build
> next build

▲ Next.js 16.2.1 (Turbopack)
- Environments: .env

  Creating an optimized production build ...
✓ Compiled successfully in 1457ms
  Running TypeScript ...
  Finished TypeScript in 1427ms ...
  Collecting page data using 9 workers ...
  Generating static pages using 9 workers (0/7) ...
  Generating static pages using 9 workers (1/7) 
  Generating static pages using 9 workers (3/7) 
  Generating static pages using 9 workers (5/7) 
✓ Generating static pages using 9 workers (7/7) in 426ms
  Finalizing page optimization ...

Route (app)
┌ ƒ /
├ ○ /_not-found
├ ƒ /api/auth/[...nextauth]
├ ƒ /friends
├ ƒ /game/random
└ ƒ /game/singleplayer


○  (Static)   prerendered as static content
ƒ  (Dynamic)  server-rendered on demand

